TN:
SF:server/config.js
FNF:0
FNH:0
DA:3,3
DA:5,3
DA:6,3
DA:7,3
LF:4
LH:4
BRDA:10,0,0,3
BRDA:10,0,1,3
BRF:2
BRH:2
end_of_record
TN:
SF:server/controller.js
FN:4,(anonymous_0)
FN:8,(anonymous_1)
FNF:2
FNH:2
FNDA:2,(anonymous_0)
FNDA:1,(anonymous_1)
DA:5,2
DA:9,1
LF:2
LH:2
BRF:0
BRH:0
end_of_record
TN:
SF:server/routes.js
FN:5,routes
FN:44,handleError
FN:56,handler
FN:57,(anonymous_3)
FNF:4
FNH:4
FNDA:8,routes
FNDA:2,handleError
FNDA:8,handler
FNDA:2,(anonymous_3)
DA:4,1
DA:6,8
DA:8,8
DA:9,1
DA:13,1
DA:15,7
DA:16,1
DA:17,1
DA:20,6
DA:21,1
DA:24,1
DA:27,5
DA:28,4
DA:30,2
DA:32,2
DA:33,1
DA:37,2
DA:40,1
DA:41,1
DA:45,2
DA:46,1
DA:47,1
DA:48,1
DA:51,1
DA:52,1
DA:53,1
DA:57,8
DA:58,2
LF:28
LH:28
BRDA:8,0,0,1
BRDA:8,0,1,7
BRDA:8,1,0,8
BRDA:8,1,1,7
BRDA:15,2,0,1
BRDA:15,2,1,6
BRDA:15,3,0,7
BRDA:15,3,1,6
BRDA:20,4,0,1
BRDA:20,4,1,5
BRDA:20,5,0,6
BRDA:20,5,1,5
BRDA:27,6,0,4
BRDA:27,6,1,1
BRDA:32,7,0,1
BRDA:32,7,1,1
BRDA:45,8,0,1
BRDA:45,8,1,1
BRF:18
BRH:18
end_of_record
TN:
SF:server/service.js
FN:7,(anonymous_0)
FN:10,(anonymous_1)
FN:21,(anonymous_2)
FNF:3
FNH:3
FNDA:1,(anonymous_0)
FNDA:1,(anonymous_1)
FNDA:1,(anonymous_2)
DA:8,1
DA:11,1
DA:12,1
DA:13,1
DA:15,1
DA:22,1
DA:23,1
LF:7
LH:7
BRF:0
BRH:0
end_of_record
TN:
SF:server/util.js
FNF:0
FNH:0
DA:3,1
DA:11,1
LF:2
LH:2
BRF:0
BRH:0
end_of_record
